\BOOKMARK [1][-]{section.1}{\376\377\000M\000e\000s\000s\000a\000g\000e\000\040\000F\000r\000o\000m\000\040\000P\000r\000i\000n\000c\000i\000p\000a\000l\000\040\000A\000b\000r\000e\000u}{}% 1
\BOOKMARK [1][-]{section.2}{\376\377\000A\000c\000k\000n\000o\000w\000l\000e\000d\000g\000m\000e\000n\000t\000\040\000o\000f\000\040\000R\000e\000c\000e\000i\000p\000t\000\040\000a\000n\000d\000\040\000R\000e\000v\000i\000e\000w}{}% 2
\BOOKMARK [1][-]{section.3}{\376\377\000S\000c\000h\000o\000o\000l\000\040\000O\000v\000e\000r\000v\000i\000e\000w}{}% 3
\BOOKMARK [2][-]{subsection.3.1}{\376\377\000C\000o\000r\000e\000\040\000V\000a\000l\000u\000e\000s}{section.3}% 4
\BOOKMARK [2][-]{subsection.3.2}{\376\377\000V\000i\000s\000i\000o\000n}{section.3}% 5
\BOOKMARK [2][-]{subsection.3.3}{\376\377\000M\000i\000s\000s\000i\000o\000n}{section.3}% 6
\BOOKMARK [2][-]{subsection.3.4}{\376\377\000S\000c\000h\000o\000o\000l\000\040\000M\000o\000t\000t\000o}{section.3}% 7
\BOOKMARK [1][-]{section.4}{\376\377\000E\000d\000u\000c\000a\000t\000i\000o\000n\000a\000l\000\040\000P\000h\000i\000l\000o\000s\000o\000p\000h\000y}{}% 8
\BOOKMARK [2][-]{subsection.4.1}{\376\377\000C\000o\000r\000e\000\040\000P\000r\000i\000n\000c\000i\000p\000l\000e\000s}{section.4}% 9
\BOOKMARK [2][-]{subsection.4.2}{\376\377\000C\000o\000m\000m\000i\000t\000m\000e\000n\000t\000\040\000t\000o\000\040\000A\000c\000h\000i\000e\000v\000e\000m\000e\000n\000t}{section.4}% 10
\BOOKMARK [2][-]{subsection.4.3}{\376\377\000C\000o\000m\000m\000i\000t\000m\000e\000n\000t\000\040\000t\000o\000\040\000P\000a\000r\000e\000n\000t\000a\000l\000\040\000E\000n\000g\000a\000g\000e\000m\000e\000n\000t}{section.4}% 11
\BOOKMARK [2][-]{subsection.4.4}{\376\377\000C\000o\000m\000m\000i\000t\000m\000e\000n\000t\000\040\000t\000o\000\040\000C\000o\000m\000m\000u\000n\000i\000t\000y\000\040\000E\000n\000g\000a\000g\000e\000m\000e\000n\000t}{section.4}% 12
\BOOKMARK [2][-]{subsection.4.5}{\376\377\000P\000r\000o\000m\000o\000t\000i\000n\000g\000\040\000P\000o\000s\000i\000t\000i\000v\000e\000\040\000S\000t\000u\000d\000e\000n\000t\000\040\000B\000e\000h\000a\000v\000i\000o\000r}{section.4}% 13
\BOOKMARK [2][-]{subsection.4.6}{\376\377\000S\000o\000c\000i\000a\000l\000,\000\040\000E\000m\000o\000t\000i\000o\000n\000a\000l\000\040\000a\000n\000d\000\040\000E\000t\000h\000i\000c\000a\000l\000\040\000E\000d\000u\000c\000a\000t\000i\000o\000n}{section.4}% 14
\BOOKMARK [2][-]{subsection.4.7}{\376\377\000T\000h\000e\000\040\000P\000r\000e\000-\000K\000i\000n\000d\000e\000r\000g\000a\000r\000t\000e\000n\040\023\000G\000r\000a\000d\000e\000\040\0005\000\040\000L\000o\000o\000p\000i\000n\000g\000\040\000M\000o\000d\000e\000l}{section.4}% 15
\BOOKMARK [1][-]{section.5}{\376\377\000S\000c\000h\000o\000o\000l\000\040\000D\000a\000y\000\040\000P\000r\000o\000c\000e\000d\000u\000r\000e\000s}{}% 16
\BOOKMARK [2][-]{subsection.5.1}{\376\377\000L\000e\000s\000s\000o\000n\000\040\000P\000l\000a\000n\000s}{section.5}% 17
\BOOKMARK [2][-]{subsection.5.2}{\376\377\000A\000r\000r\000i\000v\000a\000l}{section.5}% 18
\BOOKMARK [2][-]{subsection.5.3}{\376\377\000S\000t\000u\000d\000e\000n\000t\000\040\000A\000t\000t\000e\000n\000d\000a\000n\000c\000e}{section.5}% 19
\BOOKMARK [1][-]{section.6}{\376\377\000C\000r\000i\000s\000i\000s\000\040\000I\000n\000t\000e\000r\000v\000e\000n\000t\000i\000o\000n\000\040\000P\000l\000a\000n}{}% 20
\BOOKMARK [2][-]{subsection.6.1}{\376\377\000W\000h\000a\000t\000\040\000i\000s\000\040\000T\000i\000e\000r\000\040\0001\000\040\000S\000u\000p\000p\000o\000r\000t\000?}{section.6}% 21
\BOOKMARK [3][-]{subsubsection.6.1.1}{\376\377\000T\000i\000e\000r\000\040\000I\000\040\000D\000e\000-\000E\000s\000c\000a\000l\000a\000t\000i\000o\000n\000\040\000S\000t\000r\000a\000t\000e\000g\000i\000e\000s}{subsection.6.1}% 22
\BOOKMARK [2][-]{subsection.6.2}{\376\377\000W\000h\000a\000t\000\040\000i\000s\000\040\000T\000i\000e\000r\000\040\0002\000\040\000S\000u\000p\000p\000o\000r\000t\000?}{section.6}% 23
\BOOKMARK [3][-]{subsubsection.6.2.1}{\376\377\000T\000i\000e\000r\000\040\000I\000I\000\040\000D\000e\000-\000E\000s\000c\000a\000l\000a\000t\000i\000o\000n\000\040\000S\000t\000r\000a\000t\000e\000g\000i\000e\000s}{subsection.6.2}% 24
\BOOKMARK [2][-]{subsection.6.3}{\376\377\000T\000i\000e\000r\000\040\0003}{section.6}% 25
\BOOKMARK [1][-]{section.7}{\376\377\000P\000r\000o\000f\000e\000s\000s\000i\000o\000n\000a\000l\000\040\000E\000x\000p\000e\000c\000t\000a\000t\000i\000o\000n\000s}{}% 26
\BOOKMARK [2][-]{subsection.7.1}{\376\377\000T\000e\000a\000c\000h\000e\000r\000\040\000C\000r\000i\000t\000e\000r\000i\000a\000:}{section.7}% 27
\BOOKMARK [1][-]{section.8}{\376\377\000P\000r\000o\000f\000e\000s\000s\000i\000o\000n\000a\000l\000\040\000C\000o\000n\000d\000u\000c\000t}{}% 28
\BOOKMARK [2][-]{subsection.8.1}{\376\377\000U\000n\000a\000c\000c\000e\000p\000t\000a\000b\000l\000e\000\040\000p\000r\000o\000f\000e\000s\000s\000i\000o\000n\000a\000l\000\040\000b\000e\000h\000a\000v\000i\000o\000r\000s}{section.8}% 29
\BOOKMARK [1][-]{section.9}{\376\377\000H\000e\000a\000l\000t\000h\000\040\000a\000n\000d\000\040\000W\000e\000l\000l\000n\000e\000s\000s}{}% 30
\BOOKMARK [2][-]{subsection.9.1}{\376\377\000S\000c\000h\000o\000o\000l\000\040\000N\000u\000r\000s\000e}{section.9}% 31
\BOOKMARK [2][-]{subsection.9.2}{\376\377\000A\000d\000m\000i\000n\000i\000s\000t\000r\000a\000t\000i\000o\000n\000\040\000o\000f\000\040\000M\000e\000d\000i\000c\000a\000t\000i\000o\000n\000:}{section.9}% 32
\BOOKMARK [2][-]{subsection.9.3}{\376\377\000I\000l\000l\000n\000e\000s\000s\000:}{section.9}% 33
\BOOKMARK [2][-]{subsection.9.4}{\376\377\000I\000n\000c\000i\000d\000e\000n\000t\000\040\000R\000e\000p\000o\000r\000t\000s\000:}{section.9}% 34
\BOOKMARK [2][-]{subsection.9.5}{\376\377\000S\000a\000f\000e\000t\000y\000\040\000a\000n\000d\000\040\000E\000m\000e\000r\000g\000e\000n\000c\000y\000\040\000P\000r\000e\000p\000a\000r\000e\000d\000n\000e\000s\000s}{section.9}% 35
\BOOKMARK [2][-]{subsection.9.6}{\376\377\000I\000n\000t\000e\000r\000-\000v\000i\000s\000i\000t\000a\000t\000i\000o\000n\000s}{section.9}% 36
\BOOKMARK [2][-]{subsection.9.7}{\376\377\000S\000a\000f\000e\000t\000y}{section.9}% 37
