This is pdfTeX, Version 3.141592653-2.6-1.40.26 (TeX Live 2024 - Flatpak) (preloaded format=pdflatex 2024.4.4)  4 JUN 2024 17:01
entering extended mode
 restricted \write18 enabled.
 %&-line parsing enabled.
**welcome_letter_k-5.tex
(./welcome_letter_k-5.tex
LaTeX2e <2023-11-01> patch level 1
L3 programming layer <2024-02-20>
(/app/texlive/texmf-dist/tex/latex/base/article.cls
Document Class: article 2023/05/17 v1.4n Standard LaTeX document class
(/app/texlive/texmf-dist/tex/latex/base/size12.clo
File: size12.clo 2023/05/17 v1.4n Standard LaTeX file (size option)
)
\c@part=\count188
\c@section=\count189
\c@subsection=\count190
\c@subsubsection=\count191
\c@paragraph=\count192
\c@subparagraph=\count193
\c@figure=\count194
\c@table=\count195
\abovecaptionskip=\skip48
\belowcaptionskip=\skip49
\bibindent=\dimen140
)
(/app/texlive/texmf-dist/tex/latex/pdfpages/pdfpages.sty
Package: pdfpages 2024/01/21 v0.5y Insert pages of external PDF documents (AM)

(/app/texlive/texmf-dist/tex/latex/base/ifthen.sty
Package: ifthen 2022/04/13 v1.1d Standard LaTeX ifthen package (DPC)
)
(/app/texlive/texmf-dist/tex/latex/tools/calc.sty
Package: calc 2023/07/08 v4.3 Infix arithmetic (KKT,FJ)
\calc@Acount=\count196
\calc@Bcount=\count197
\calc@Adimen=\dimen141
\calc@Bdimen=\dimen142
\calc@Askip=\skip50
\calc@Bskip=\skip51
LaTeX Info: Redefining \setlength on input line 80.
LaTeX Info: Redefining \addtolength on input line 81.
\calc@Ccount=\count198
\calc@Cskip=\skip52
)
(/app/texlive/texmf-dist/tex/latex/eso-pic/eso-pic.sty
Package: eso-pic 2023/05/03 v3.0c eso-pic (RN)
\ESO@tempdima=\dimen143
\ESO@tempdimb=\dimen144

(/app/texlive/texmf-dist/tex/latex/graphics/keyval.sty
Package: keyval 2022/05/29 v1.15 key=value parser (DPC)
\KV@toks@=\toks17
)
(/app/texlive/texmf-dist/tex/latex/xcolor/xcolor.sty
Package: xcolor 2023/11/15 v3.01 LaTeX color extensions (UK)

(/app/texlive/texmf-dist/tex/latex/graphics-cfg/color.cfg
File: color.cfg 2016/01/02 v1.6 sample color configuration
)
Package xcolor Info: Driver file: pdftex.def on input line 274.

(/app/texlive/texmf-dist/tex/latex/graphics-def/pdftex.def
File: pdftex.def 2022/09/22 v1.2b Graphics/color driver for pdftex
)
(/app/texlive/texmf-dist/tex/latex/graphics/mathcolor.ltx)
Package xcolor Info: Model `cmy' substituted by `cmy0' on input line 1350.
Package xcolor Info: Model `hsb' substituted by `rgb' on input line 1354.
Package xcolor Info: Model `RGB' extended on input line 1366.
Package xcolor Info: Model `HTML' substituted by `rgb' on input line 1368.
Package xcolor Info: Model `Hsb' substituted by `hsb' on input line 1369.
Package xcolor Info: Model `tHsb' substituted by `hsb' on input line 1370.
Package xcolor Info: Model `HSB' substituted by `hsb' on input line 1371.
Package xcolor Info: Model `Gray' substituted by `gray' on input line 1372.
Package xcolor Info: Model `wave' substituted by `hsb' on input line 1373.
))
(/app/texlive/texmf-dist/tex/latex/graphics/graphicx.sty
Package: graphicx 2021/09/16 v1.2d Enhanced LaTeX Graphics (DPC,SPQR)

(/app/texlive/texmf-dist/tex/latex/graphics/graphics.sty
Package: graphics 2022/03/10 v1.4e Standard LaTeX Graphics (DPC,SPQR)

(/app/texlive/texmf-dist/tex/latex/graphics/trig.sty
Package: trig 2021/08/11 v1.11 sin cos tan (DPC)
)
(/app/texlive/texmf-dist/tex/latex/graphics-cfg/graphics.cfg
File: graphics.cfg 2016/06/04 v1.11 sample graphics configuration
)
Package graphics Info: Driver file: pdftex.def on input line 107.
)
\Gin@req@height=\dimen145
\Gin@req@width=\dimen146
)
\AM@pagewidth=\dimen147
\AM@pageheight=\dimen148
\AM@fboxrule=\dimen149

(/app/texlive/texmf-dist/tex/latex/pdfpages/pppdftex.def
File: pppdftex.def 2024/01/21 v0.5y Pdfpages driver for pdfTeX (AM)
)
\pdfpages@includegraphics@status=\count199
\AM@pagebox=\box51
\AM@global@opts=\toks18
\AM@pagecnt=\count266
\AM@toc@title=\toks19
\AM@lof@heading=\toks20
\c@AM@survey=\count267
\AM@templatesizebox=\box52
)
(/app/texlive/texmf-dist/tex/latex/fancyhdr/fancyhdr.sty
Package: fancyhdr 2022/11/09 v4.1 Extensive control of page headers and footers

\f@nch@headwidth=\skip53
\f@nch@O@elh=\skip54
\f@nch@O@erh=\skip55
\f@nch@O@olh=\skip56
\f@nch@O@orh=\skip57
\f@nch@O@elf=\skip58
\f@nch@O@erf=\skip59
\f@nch@O@olf=\skip60
\f@nch@O@orf=\skip61
)
(/app/texlive/texmf-dist/tex/latex/hyperref/hyperref.sty
Package: hyperref 2024-01-20 v7.01h Hypertext links for LaTeX

(/app/texlive/texmf-dist/tex/generic/iftex/iftex.sty
Package: iftex 2022/02/03 v1.0f TeX engine tests
)
(/app/texlive/texmf-dist/tex/latex/kvsetkeys/kvsetkeys.sty
Package: kvsetkeys 2022-10-05 v1.19 Key value parser (HO)
)
(/app/texlive/texmf-dist/tex/generic/kvdefinekeys/kvdefinekeys.sty
Package: kvdefinekeys 2019-12-19 v1.6 Define keys (HO)
)
(/app/texlive/texmf-dist/tex/generic/pdfescape/pdfescape.sty
Package: pdfescape 2019/12/09 v1.15 Implements pdfTeX's escape features (HO)

(/app/texlive/texmf-dist/tex/generic/ltxcmds/ltxcmds.sty
Package: ltxcmds 2023-12-04 v1.26 LaTeX kernel commands for general use (HO)
)
(/app/texlive/texmf-dist/tex/generic/pdftexcmds/pdftexcmds.sty
Package: pdftexcmds 2020-06-27 v0.33 Utility functions of pdfTeX for LuaTeX (HO
)

(/app/texlive/texmf-dist/tex/generic/infwarerr/infwarerr.sty
Package: infwarerr 2019/12/03 v1.5 Providing info/warning/error messages (HO)
)
Package pdftexcmds Info: \pdf@primitive is available.
Package pdftexcmds Info: \pdf@ifprimitive is available.
Package pdftexcmds Info: \pdfdraftmode found.
))
(/app/texlive/texmf-dist/tex/latex/hycolor/hycolor.sty
Package: hycolor 2020-01-27 v1.10 Color options for hyperref/bookmark (HO)
)
(/app/texlive/texmf-dist/tex/latex/auxhook/auxhook.sty
Package: auxhook 2019-12-17 v1.6 Hooks for auxiliary files (HO)
)
(/app/texlive/texmf-dist/tex/latex/hyperref/nameref.sty
Package: nameref 2023-11-26 v2.56 Cross-referencing by name of section

(/app/texlive/texmf-dist/tex/latex/refcount/refcount.sty
Package: refcount 2019/12/15 v3.6 Data extraction from label references (HO)
)
(/app/texlive/texmf-dist/tex/generic/gettitlestring/gettitlestring.sty
Package: gettitlestring 2019/12/15 v1.6 Cleanup title references (HO)

(/app/texlive/texmf-dist/tex/latex/kvoptions/kvoptions.sty
Package: kvoptions 2022-06-15 v3.15 Key value format for package options (HO)
))
\c@section@level=\count268
)
(/app/texlive/texmf-dist/tex/latex/etoolbox/etoolbox.sty
Package: etoolbox 2020/10/05 v2.5k e-TeX tools for LaTeX (JAW)
\etb@tempcnta=\count269
)
\@linkdim=\dimen150
\Hy@linkcounter=\count270
\Hy@pagecounter=\count271

(/app/texlive/texmf-dist/tex/latex/hyperref/pd1enc.def
File: pd1enc.def 2024-01-20 v7.01h Hyperref: PDFDocEncoding definition (HO)
Now handling font encoding PD1 ...
... no UTF-8 mapping file for font encoding PD1
)
(/app/texlive/texmf-dist/tex/generic/intcalc/intcalc.sty
Package: intcalc 2019/12/15 v1.3 Expandable calculations with integers (HO)
)
\Hy@SavedSpaceFactor=\count272

(/app/texlive/texmf-dist/tex/latex/hyperref/puenc.def
File: puenc.def 2024-01-20 v7.01h Hyperref: PDF Unicode definition (HO)
Now handling font encoding PU ...
... no UTF-8 mapping file for font encoding PU
)
Package hyperref Info: Option `colorlinks' set `true' on input line 4062.
Package hyperref Info: Hyper figures OFF on input line 4179.
Package hyperref Info: Link nesting OFF on input line 4184.
Package hyperref Info: Hyper index ON on input line 4187.
Package hyperref Info: Plain pages OFF on input line 4194.
Package hyperref Info: Backreferencing OFF on input line 4199.
Package hyperref Info: Implicit mode ON; LaTeX internals redefined.
Package hyperref Info: Bookmarks ON on input line 4446.
\c@Hy@tempcnt=\count273

(/app/texlive/texmf-dist/tex/latex/url/url.sty
\Urlmuskip=\muskip16
Package: url 2013/09/16  ver 3.4  Verb mode for urls, etc.
)
LaTeX Info: Redefining \url on input line 4784.
\XeTeXLinkMargin=\dimen151

(/app/texlive/texmf-dist/tex/generic/bitset/bitset.sty
Package: bitset 2019/12/09 v1.3 Handle bit-vector datatype (HO)

(/app/texlive/texmf-dist/tex/generic/bigintcalc/bigintcalc.sty
Package: bigintcalc 2019/12/15 v1.5 Expandable calculations on big integers (HO
)
))
\Fld@menulength=\count274
\Field@Width=\dimen152
\Fld@charsize=\dimen153
Package hyperref Info: Hyper figures OFF on input line 6063.
Package hyperref Info: Link nesting OFF on input line 6068.
Package hyperref Info: Hyper index ON on input line 6071.
Package hyperref Info: backreferencing OFF on input line 6078.
Package hyperref Info: Link coloring ON on input line 6081.
Package hyperref Info: Link coloring with OCG OFF on input line 6088.
Package hyperref Info: PDF/A mode OFF on input line 6093.

(/app/texlive/texmf-dist/tex/latex/base/atbegshi-ltx.sty
Package: atbegshi-ltx 2021/01/10 v1.0c Emulation of the original atbegshi
package with kernel methods
)
\Hy@abspage=\count275
\c@Item=\count276
\c@Hfootnote=\count277
)
Package hyperref Info: Driver (autodetected): hpdftex.

(/app/texlive/texmf-dist/tex/latex/hyperref/hpdftex.def
File: hpdftex.def 2024-01-20 v7.01h Hyperref driver for pdfTeX

(/app/texlive/texmf-dist/tex/latex/base/atveryend-ltx.sty
Package: atveryend-ltx 2020/08/19 v1.0a Emulation of the original atveryend pac
kage
with kernel methods
)
\Fld@listcount=\count278
\c@bookmark@seq@number=\count279

(/app/texlive/texmf-dist/tex/latex/rerunfilecheck/rerunfilecheck.sty
Package: rerunfilecheck 2022-07-10 v1.10 Rerun checks for auxiliary files (HO)

(/app/texlive/texmf-dist/tex/generic/uniquecounter/uniquecounter.sty
Package: uniquecounter 2019/12/15 v1.4 Provide unlimited unique counter (HO)
)
Package uniquecounter Info: New unique counter `rerunfilecheck' on input line 2
85.
)
\Hy@SectionHShift=\skip62
)
(/app/texlive/texmf-dist/tex/latex/geometry/geometry.sty
Package: geometry 2020/01/02 v5.9 Page Geometry

(/app/texlive/texmf-dist/tex/generic/iftex/ifvtex.sty
Package: ifvtex 2019/10/25 v1.7 ifvtex legacy package. Use iftex instead.
)
\Gm@cnth=\count280
\Gm@cntv=\count281
\c@Gm@tempcnt=\count282
\Gm@bindingoffset=\dimen154
\Gm@wd@mp=\dimen155
\Gm@odd@mp=\dimen156
\Gm@even@mp=\dimen157
\Gm@layoutwidth=\dimen158
\Gm@layoutheight=\dimen159
\Gm@layouthoffset=\dimen160
\Gm@layoutvoffset=\dimen161
\Gm@dimlist=\toks21
)
(/app/texlive/texmf-dist/tex/latex/base/fontenc.sty
Package: fontenc 2021/04/29 v2.0v Standard LaTeX package
)
(/app/texlive/texmf-dist/tex/latex/psnfss/helvet.sty
Package: helvet 2020/03/25 PSNFSS-v9.3 (WaS) 
)
(/app/texlive/texmf-dist/tex/generic/ulem/ulem.sty
\UL@box=\box53
\UL@hyphenbox=\box54
\UL@skip=\skip63
\UL@hook=\toks22
\UL@height=\dimen162
\UL@pe=\count283
\UL@pixel=\dimen163
\ULC@box=\box55
Package: ulem 2019/11/18
\ULdepth=\dimen164
)
(/app/texlive/texmf-dist/tex/latex/tabularray/tabularray.sty
(/app/texlive/texmf-dist/tex/latex/l3kernel/expl3.sty
Package: expl3 2024-02-20 L3 programming layer (loader) 

(/app/texlive/texmf-dist/tex/latex/l3backend/l3backend-pdftex.def
File: l3backend-pdftex.def 2024-02-20 L3 backend support: PDF output (pdfTeX)
\l__color_backend_stack_int=\count284
\l__pdf_internal_box=\box56
))
Package: tabularray 2024-02-16 v2024A Typeset tabulars and arrays with LaTeX3
\l__tblr_a_int=\count285
\l__tblr_c_int=\count286
\l__tblr_r_int=\count287
\l__tblr_d_dim=\dimen165
\l__tblr_h_dim=\dimen166
\l__tblr_o_dim=\dimen167
\l__tblr_p_dim=\dimen168
\l__tblr_q_dim=\dimen169
\l__tblr_r_dim=\dimen170
\l__tblr_s_dim=\dimen171
\l__tblr_t_dim=\dimen172
\l__tblr_v_dim=\dimen173
\l__tblr_w_dim=\dimen174
\l__tblr_a_box=\box57
\l__tblr_b_box=\box58
\l__tblr_c_box=\box59
\l__tblr_d_box=\box60
\g__tblr_table_count_int=\count288
\c@rownum=\count289
\c@colnum=\count290
\c@rowcount=\count291
\c@colcount=\count292
\abovesep=\dimen175
\belowsep=\dimen176
\leftsep=\dimen177
\rightsep=\dimen178
\g_tblr_level_int=\count293
\g__tblr_data_row_key_count_int=\count294
\g__tblr_data_column_key_count_int=\count295
\g__tblr_data_cell_key_count_int=\count296
\g__tblr_array_int=\count297
\l__tblr_key_count_int=\count298
\l__tblr_key_quotient_int=\count299
\l__tblr_key_quotient_two_int=\count300
\l__tblr_key_remainder_int=\count301
\g__tblr_data_str_value_count_int=\count302
\rulewidth=\dimen179
\l__tblr_strut_dp_dim=\dimen180
\l__tblr_strut_ht_dim=\dimen181
\g__tblr_cell_wd_dim=\dimen182
\g__tblr_cell_ht_dim=\dimen183
\g__tblr_cell_head_dim=\dimen184
\g__tblr_cell_foot_dim=\dimen185
\l__column_target_dim=\dimen186
\l__tblr_caption_box=\box61
\l__tblr_caption_left_box=\box62
\l__tblr_row_head_box=\box63
\l__tblr_row_foot_box=\box64
\l__tblr_row_head_foot_dim=\dimen187
\tablewidth=\dimen188
\l__tblr_table_firsthead_box=\box65
\l__tblr_table_middlehead_box=\box66
\l__tblr_table_lasthead_box=\box67
\l__tblr_table_firstfoot_box=\box68
\l__tblr_table_middlefoot_box=\box69
\l__tblr_table_lastfoot_box=\box70
\l__tblr_remain_height_dim=\dimen189
\l__tblr_long_from_int=\count303
\l__tblr_long_to_int=\count304
\l__tblr_curr_i_int=\count305
\l__tblr_prev_i_int=\count306
\l__tblr_table_page_int=\count307
\l__tblr_table_head_box=\box71
\l__tblr_table_foot_box=\box72
\l__tblr_table_head_foot_dim=\dimen190
\l__tblr_table_head_body_foot_dim=\dimen191
\l__tblr_table_box=\box73
\l__tblr_table_hlines_box=\box74
\l__tblr_hline_box=\box75
\l__tblr_row_box=\box76
\l__tblr_col_o_wd_dim=\dimen192
\l__tblr_col_b_wd_dim=\dimen193
\l__tblr_hline_leftskip_dim=\dimen194
\l__tblr_hline_rightskip_dim=\dimen195
\l__tblr_row_ht_dim=\dimen196
\l__tblr_row_dp_dim=\dimen197
\l__tblr_row_abovesep_dim=\dimen198
\l__tblr_row_belowsep_dim=\dimen199
\l__tblr_row_vlines_box=\box77
\l__tblr_vline_box=\box78
\l__tblr_cell_box=\box79
\l__row_upper_dim=\dimen256
\l__row_lower_dim=\dimen257
\l__row_vpace_dim=\dimen258
\l__tblr_vline_aboveskip_dim=\dimen259
\l__tblr_vline_belowskip_dim=\dimen260
\l__tblr_cell_wd_dim=\dimen261
\l__tblr_cell_ht_dim=\dimen262
\l__tblr_diag_box=\box80
)
(/app/texlive/texmf-dist/tex/latex/tools/array.sty
Package: array 2023/10/16 v2.5g Tabular extension package (FMi)
\col@sep=\dimen263
\ar@mcellbox=\box81
\extrarowheight=\dimen264
\NC@list=\toks23
\extratabsurround=\skip64
\backup@length=\skip65
\ar@cellbox=\box82
)
(/app/texlive/texmf-dist/tex/latex/tools/longtable.sty
Package: longtable 2023-11-01 v4.19 Multi-page Table package (DPC)
\LTleft=\skip66
\LTright=\skip67
\LTpre=\skip68
\LTpost=\skip69
\LTchunksize=\count308
\LTcapwidth=\dimen265
\LT@head=\box83
\LT@firsthead=\box84
\LT@foot=\box85
\LT@lastfoot=\box86
\LT@gbox=\box87
\LT@cols=\count309
\LT@rows=\count310
\c@LT@tables=\count311
\c@LT@chunks=\count312
\LT@p@ftn=\toks24
)
(/app/texlive/texmf-dist/tex/latex/colortbl/colortbl.sty
Package: colortbl 2024/02/20 v1.0g Color table columns (DPC)
\everycr=\toks25
\minrowclearance=\skip70
)
(./welcome_letter_k-5.aux)
\openout1 = `welcome_letter_k-5.aux'.

LaTeX Font Info:    Checking defaults for OML/cmm/m/it on input line 32.
LaTeX Font Info:    ... okay on input line 32.
LaTeX Font Info:    Checking defaults for OMS/cmsy/m/n on input line 32.
LaTeX Font Info:    ... okay on input line 32.
LaTeX Font Info:    Checking defaults for OT1/cmr/m/n on input line 32.
LaTeX Font Info:    ... okay on input line 32.
LaTeX Font Info:    Checking defaults for T1/cmr/m/n on input line 32.
LaTeX Font Info:    ... okay on input line 32.
LaTeX Font Info:    Checking defaults for TS1/cmr/m/n on input line 32.
LaTeX Font Info:    ... okay on input line 32.
LaTeX Font Info:    Checking defaults for OMX/cmex/m/n on input line 32.
LaTeX Font Info:    ... okay on input line 32.
LaTeX Font Info:    Checking defaults for U/cmr/m/n on input line 32.
LaTeX Font Info:    ... okay on input line 32.
LaTeX Font Info:    Checking defaults for PD1/pdf/m/n on input line 32.
LaTeX Font Info:    ... okay on input line 32.
LaTeX Font Info:    Checking defaults for PU/pdf/m/n on input line 32.
LaTeX Font Info:    ... okay on input line 32.

(/app/texlive/texmf-dist/tex/context/base/mkii/supp-pdf.mkii
[Loading MPS to PDF converter (version 2006.09.02).]
\scratchcounter=\count313
\scratchdimen=\dimen266
\scratchbox=\box88
\nofMPsegments=\count314
\nofMParguments=\count315
\everyMPshowfont=\toks26
\MPscratchCnt=\count316
\MPscratchDim=\dimen267
\MPnumerator=\count317
\makeMPintoPDFobject=\count318
\everyMPtoPDFconversion=\toks27
) (/app/texlive/texmf-dist/tex/latex/epstopdf-pkg/epstopdf-base.sty
Package: epstopdf-base 2020-01-24 v2.11 Base part for package epstopdf
Package epstopdf-base Info: Redefining graphics rule for `.eps' on input line 4
85.

(/app/texlive/texmf-dist/tex/latex/latexconfig/epstopdf-sys.cfg
File: epstopdf-sys.cfg 2010/07/13 v1.3 Configuration of (r)epstopdf for TeX Liv
e
))
(/app/texlive/texmf-dist/tex/latex/pdflscape/pdflscape.sty
Package: pdflscape 2022-10-27 v0.13 Display of landscape pages in PDF

(/app/texlive/texmf-dist/tex/latex/pdflscape/pdflscape-nometadata.sty
Package: pdflscape-nometadata 2022-10-28 v0.13 Display of landscape pages in PD
F (HO)

(/app/texlive/texmf-dist/tex/latex/graphics/lscape.sty
Package: lscape 2020/05/28 v3.02 Landscape Pages (DPC)
)
Package pdflscape Info: Auto-detected driver: pdftex on input line 81.
))
Package hyperref Info: Link coloring ON on input line 32.

(./welcome_letter_k-5.out) (./welcome_letter_k-5.out)
\@outlinefile=\write3
\openout3 = `welcome_letter_k-5.out'.


*geometry* driver: auto-detecting
*geometry* detected driver: pdftex
*geometry* verbose mode - [ preamble ] result:
* driver: pdftex
* paper: letterpaper
* layout: <same size as paper>
* layoutoffset:(h,v)=(0.0pt,0.0pt)
* modes: 
* h-part:(L,W,R)=(36.135pt, 542.02501pt, 36.135pt)
* v-part:(T,H,B)=(101.17755pt, 635.97623pt, 57.81621pt)
* \paperwidth=614.295pt
* \paperheight=794.96999pt
* \textwidth=542.02501pt
* \textheight=635.97623pt
* \oddsidemargin=-36.135pt
* \evensidemargin=-180.67499pt
* \topmargin=-44.22743pt
* \headheight=12.0pt
* \headsep=25.0pt
* \topskip=12.0pt
* \footskip=30.0pt
* \marginparwidth=44.0pt
* \marginparsep=10.0pt
* \columnsep=10.0pt
* \skip\footins=10.8pt plus 4.0pt minus 2.0pt
* \hoffset=0.0pt
* \voffset=0.0pt
* \mag=1000
* \@twocolumnfalse
* \@twosidefalse
* \@mparswitchfalse
* \@reversemarginfalse
* (1in=72.27pt=25.4mm, 1cm=28.453pt)

(/app/texlive/texmf-dist/tex/latex/ninecolors/ninecolors.sty
Package: ninecolors 2022-02-13 v2022D Select colors with proper color contrast

(/app/texlive/texmf-dist/tex/latex/l3packages/xparse/xparse.sty
Package: xparse 2024-02-18 L3 Experimental document command parser
))
> Step: init table outer spec.
> Step: parse table options.
> Step: split table.
> Step: init table inner spec.
> Step: parse table inner spec.
> Step: execute table commands.
> Step: calculate cell and line sizes.

Underfull \hbox (badness 10000) in paragraph at lines 79--79

 []


Underfull \hbox (badness 10000) in paragraph at lines 79--79
[]\T1/cmr/m/n/12 8:00-
 []


Underfull \hbox (badness 10000) in paragraph at lines 79--79
\T1/cmr/m/n/12 8:30
 []


Underfull \hbox (badness 10000) in paragraph at lines 79--79
[]\T1/cmr/m/n/12 8:35-
 []


Underfull \hbox (badness 10000) in paragraph at lines 79--79
\T1/cmr/m/n/12 8:55
 []


Underfull \hbox (badness 10000) in paragraph at lines 79--79
[]|   []   |   []
 []


Underfull \hbox (badness 10000) in paragraph at lines 79--79
|   []   |   []
 []


Underfull \hbox (badness 10000) in paragraph at lines 79--79
[]\T1/cmr/m/n/12 NYCDOE
 []


Underfull \hbox (badness 10000) in paragraph at lines 79--79
[]\T1/cmr/m/n/12 8:55-
 []


Underfull \hbox (badness 10000) in paragraph at lines 79--79
\T1/cmr/m/n/12 9:25
 []


Underfull \hbox (badness 10000) in paragraph at lines 79--79
[]\T1/cmr/m/n/12 Emergency Pre-
 []


Underfull \hbox (badness 3872) in paragraph at lines 79--79
\T1/cmr/m/n/12 pared-ness City-wide
 []


Underfull \hbox (badness 10000) in paragraph at lines 79--79
[]\T1/cmr/m/n/12 NYCDOE
 []


Underfull \hbox (badness 10000) in paragraph at lines 79--79
[]\T1/cmr/m/n/12 8:30-
 []


Underfull \hbox (badness 10000) in paragraph at lines 79--79
\T1/cmr/m/n/12 10:30
 []


Underfull \hbox (badness 10000) in paragraph at lines 79--79
[]\T1/cmr/m/n/12 Move-to-Improve
 []


Underfull \hbox (badness 10000) in paragraph at lines 79--79
[]\T1/cmr/m/n/12 9:30-
 []


Underfull \hbox (badness 10000) in paragraph at lines 79--79
\T1/cmr/m/n/12 2:50
 []


Underfull \hbox (badness 10000) in paragraph at lines 79--79
[]\T1/cmr/m/n/12 Celebrating the
 []


Underfull \hbox (badness 10000) in paragraph at lines 79--79
[]\T1/cmr/m/n/12 Metropolitan
 []


Underfull \hbox (badness 10000) in paragraph at lines 79--79
\T1/cmr/m/n/12 Mu-seum of
 []


Underfull \hbox (badness 10000) in paragraph at lines 79--79
[]\T1/cmr/m/n/12 9:30-
 []


Underfull \hbox (badness 10000) in paragraph at lines 79--79
\T1/cmr/m/n/12 2:50
 []


Underfull \hbox (badness 3049) in paragraph at lines 79--79
[]\T1/cmr/m/n/12 Sparking Ideas for
 []


Underfull \hbox (badness 10000) in paragraph at lines 79--79
\T1/cmr/m/n/12 Mu-seum Based
 []


Underfull \hbox (badness 10000) in paragraph at lines 79--79
[]\T1/cmr/m/n/12 NYCDOE
 []


Underfull \hbox (badness 2277) in paragraph at lines 79--79
\T1/cmr/m/n/12 Arts Pro-gram
 []


Underfull \hbox (badness 10000) in paragraph at lines 79--79
[]\T1/cmr/m/n/12 9:30-
 []


Underfull \hbox (badness 10000) in paragraph at lines 79--79
\T1/cmr/m/n/12 2:50
 []


Underfull \hbox (badness 1616) in paragraph at lines 79--79
[]\T1/cmr/m/n/12 Beyond Ac-cess Fo-
 []


Underfull \hbox (badness 10000) in paragraph at lines 79--79
[]\T1/cmr/m/n/12 NYCDOE
 []


Underfull \hbox (badness 10000) in paragraph at lines 79--79
\T1/cmr/m/n/12 Syn-chronous
 []


Underfull \hbox (badness 10000) in paragraph at lines 79--79
\T1/cmr/m/n/12 Pro-fes-sional
 []


Underfull \hbox (badness 10000) in paragraph at lines 79--79
[]\T1/cmr/m/n/12 9:30-
 []


Underfull \hbox (badness 10000) in paragraph at lines 79--79
\T1/cmr/m/n/12 2:50
 []


Underfull \hbox (badness 1616) in paragraph at lines 79--79
[]\T1/cmr/m/n/12 Beyond Ac-cess Fo-
 []


Underfull \hbox (badness 10000) in paragraph at lines 79--79
[]\T1/cmr/m/n/12 NYCDOE
 []


Underfull \hbox (badness 10000) in paragraph at lines 79--79
\T1/cmr/m/n/12 Syn-chronous
 []


Underfull \hbox (badness 10000) in paragraph at lines 79--79
\T1/cmr/m/n/12 Pro-fes-sional
 []


Underfull \hbox (badness 10000) in paragraph at lines 79--79
[]\T1/cmr/m/n/12 10:30-
 []


Underfull \hbox (badness 10000) in paragraph at lines 79--79
\T1/cmr/m/n/12 2:50
 []


Underfull \hbox (badness 4168) in paragraph at lines 79--79
[]\T1/cmr/m/n/12 Online Pro-fes-sional
 []


Underfull \hbox (badness 10000) in paragraph at lines 79--79
\T1/cmr/m/n/12 De-vel-op-ment for
 []


Underfull \hbox (badness 1917) in paragraph at lines 79--79
\T1/cmr/m/it/12 2 90-Minute We-bi-
 []


Underfull \hbox (badness 10000) in paragraph at lines 79--79
[]\T1/cmr/m/n/12 9:30-
 []


Underfull \hbox (badness 10000) in paragraph at lines 79--79
\T1/cmr/m/n/12 10:30
 []


Underfull \hbox (badness 10000) in paragraph at lines 79--79
[]\T1/cmr/m/n/12 Mindfulness Prac-
 []


Underfull \hbox (badness 10000) in paragraph at lines 79--79
[]\T1/cmr/m/n/12 NYCDOE
 []


Underfull \hbox (badness 10000) in paragraph at lines 79--79
\T1/cmr/m/n/12 Syn-chronous
 []


Underfull \hbox (badness 10000) in paragraph at lines 79--79
\T1/cmr/m/n/12 Pro-fes-sional
 []


Underfull \hbox (badness 10000) in paragraph at lines 79--79

 []


Underfull \hbox (badness 10000) in paragraph at lines 79--79
[]\T1/cmr/m/n/12 9:30-
 []


Underfull \hbox (badness 10000) in paragraph at lines 79--79
\T1/cmr/m/n/12 12:00
 []


Underfull \hbox (badness 1442) in paragraph at lines 79--79
[]\T1/cmr/m/n/12 Science of Read-ing
 []


Underfull \hbox (badness 10000) in paragraph at lines 79--79
[]\T1/cmr/m/n/12 Autumn
 []


Underfull \hbox (badness 10000) in paragraph at lines 79--79
[]\T1/cmr/m/n/12 9:30-
 []


Underfull \hbox (badness 10000) in paragraph at lines 79--79
\T1/cmr/m/n/12 12:00
 []


Underfull \hbox (badness 3623) in paragraph at lines 79--79
[]\T1/cmr/m/n/12 Building Fact Au-
 []


Underfull \hbox (badness 1472) in paragraph at lines 79--79
\T1/cmr/m/n/12 to-matic-ity Through
 []


Underfull \hbox (badness 10000) in paragraph at lines 79--79
\T1/cmr/m/n/12 Prob-lem-Prob-lem
 []


Underfull \hbox (badness 10000) in paragraph at lines 79--79
[]|   []
 []


Underfull \hbox (badness 10000) in paragraph at lines 79--79
|   []
 []


Underfull \hbox (badness 10000) in paragraph at lines 79--79
|   []
 []


Underfull \hbox (badness 10000) in paragraph at lines 79--79
[]\T1/cmr/m/n/12 10:00-
 []


Underfull \hbox (badness 10000) in paragraph at lines 79--79
\T1/cmr/m/n/12 12:00
 []


Underfull \hbox (badness 10000) in paragraph at lines 79--79
[]\T1/cmr/m/n/12 Disciplinary Lit-er-
 []


Underfull \hbox (badness 7451) in paragraph at lines 79--79
\T1/cmr/m/n/12 acy Strate-gies for
 []


Underfull \hbox (badness 6944) in paragraph at lines 79--79
\T1/cmr/m/n/12 MLs/ELLs in the
 []


Underfull \hbox (badness 10000) in paragraph at lines 79--79
[]\T1/cmr/m/n/12 NYCDOE
 []


Underfull \hbox (badness 10000) in paragraph at lines 79--79
\T1/cmr/m/n/12 Syn-chronous
 []


Underfull \hbox (badness 10000) in paragraph at lines 79--79
\T1/cmr/m/n/12 Pro-fes-sional
 []


Underfull \hbox (badness 10000) in paragraph at lines 79--79
[]\T1/cmr/m/n/12 10:30-
 []


Underfull \hbox (badness 10000) in paragraph at lines 79--79
\T1/cmr/m/n/12 12:00
 []


Underfull \hbox (badness 2012) in paragraph at lines 79--79
[]\T1/cmr/m/n/12 Addressing Cli-mate
 []


Underfull \hbox (badness 10000) in paragraph at lines 79--79
\T1/cmr/m/n/12 Ed-u-ca-tion through
 []


Underfull \hbox (badness 10000) in paragraph at lines 79--79
[]\T1/cmr/m/n/12 NYCDOE
 []


Underfull \hbox (badness 10000) in paragraph at lines 79--79
\T1/cmr/m/n/12 Syn-chronous
 []


Underfull \hbox (badness 10000) in paragraph at lines 79--79
\T1/cmr/m/n/12 Pro-fes-sional
 []


Underfull \hbox (badness 10000) in paragraph at lines 79--79
[]\T1/cmr/m/n/12 12:10-
 []


Underfull \hbox (badness 10000) in paragraph at lines 79--79
\T1/cmr/m/n/12 1:00
 []


Underfull \hbox (badness 10000) in paragraph at lines 79--79
[]\T1/cmr/m/n/12 1:00-
 []


Underfull \hbox (badness 10000) in paragraph at lines 79--79
\T1/cmr/m/n/12 2:00
 []


Underfull \hbox (badness 10000) in paragraph at lines 79--79
[]\T1/cmr/m/n/12 Envisions -
 []


Underfull \hbox (badness 10000) in paragraph at lines 79--79
\T1/cmr/m/n/12 Joseph Hum-
 []


Underfull \hbox (badness 4699) in paragraph at lines 79--79
\T1/cmr/m/it/12 via email on
 []


Underfull \hbox (badness 10000) in paragraph at lines 79--79
\T1/cmr/m/it/12 Jacque-line
 []


Underfull \hbox (badness 10000) in paragraph at lines 79--79
[]\T1/cmr/m/n/12 1:00-
 []


Underfull \hbox (badness 10000) in paragraph at lines 79--79
\T1/cmr/m/n/12 2:00
 []


Underfull \hbox (badness 2865) in paragraph at lines 79--79
[]\T1/cmr/m/n/12 Overview and Up-
 []


Underfull \hbox (badness 10000) in paragraph at lines 79--79
[]\T1/cmr/m/n/12 NYCDOE
 []


Underfull \hbox (badness 10000) in paragraph at lines 79--79
\T1/cmr/m/n/12 Syn-chronous
 []


Underfull \hbox (badness 10000) in paragraph at lines 79--79
\T1/cmr/m/n/12 Pro-fes-sional
 []


Underfull \hbox (badness 10000) in paragraph at lines 79--79
[]\T1/cmr/m/n/12 1:00-
 []


Underfull \hbox (badness 10000) in paragraph at lines 79--79
\T1/cmr/m/n/12 2:00
 []


Underfull \hbox (badness 10000) in paragraph at lines 79--79
[]\T1/cmr/m/n/12 NYCDOE
 []


Underfull \hbox (badness 10000) in paragraph at lines 79--79
\T1/cmr/m/n/12 Syn-chronous
 []


Underfull \hbox (badness 10000) in paragraph at lines 79--79
\T1/cmr/m/n/12 Pro-fes-sional
 []


Underfull \hbox (badness 10000) in paragraph at lines 79--79
[]\T1/cmr/m/n/12 2:00-
 []


Underfull \hbox (badness 10000) in paragraph at lines 79--79
\T1/cmr/m/n/12 2:30
 []


Underfull \hbox (badness 10000) in paragraph at lines 79--79
[]\T1/cmr/m/n/12 Unpacking Math
 []


Underfull \hbox (badness 10000) in paragraph at lines 79--79
\T1/cmr/m/n/12 Next Gen-er-a-tion
 []


Underfull \hbox (badness 10000) in paragraph at lines 79--79
[]\T1/cmr/m/n/12 Autumn
 []


Underfull \hbox (badness 10000) in paragraph at lines 79--79
[]\T1/cmr/m/n/12 2:00-
 []


Underfull \hbox (badness 10000) in paragraph at lines 79--79
\T1/cmr/m/n/12 2:30
 []


Underfull \hbox (badness 3623) in paragraph at lines 79--79
[]\T1/cmr/m/n/12 Building Fact Au-
 []


Underfull \hbox (badness 1472) in paragraph at lines 79--79
\T1/cmr/m/n/12 to-matic-ity Through
 []


Underfull \hbox (badness 10000) in paragraph at lines 79--79
\T1/cmr/m/n/12 Prob-lem-Prob-lem
 []


Underfull \hbox (badness 10000) in paragraph at lines 79--79
[]|   []
 []


Underfull \hbox (badness 10000) in paragraph at lines 79--79
|   []
 []


Underfull \hbox (badness 10000) in paragraph at lines 79--79
|   []
 []


Underfull \hbox (badness 10000) in paragraph at lines 79--79
[]\T1/cmr/m/n/12 2:30-
 []


Underfull \hbox (badness 10000) in paragraph at lines 79--79
\T1/cmr/m/n/12 2:50
 []


Underfull \hbox (badness 3713) in paragraph at lines 79--79
[]\T1/cmr/bx/it/12 Principal's Clos-
 []


Underfull \hbox (badness 1881) in paragraph at lines 79--79
\TS1/cmr/m/n/12 ˆ \T1/cmr/m/n/12 Sur-vey Clos-
 []


Underfull \hbox (badness 10000) in paragraph at lines 79--79
[]\T1/cmr/m/n/12 8:00-
 []


Underfull \hbox (badness 10000) in paragraph at lines 79--79
\T1/cmr/m/n/12 8:30
 []


Underfull \hbox (badness 10000) in paragraph at lines 79--79
[]\T1/cmr/m/n/12 8:35-
 []


Underfull \hbox (badness 10000) in paragraph at lines 79--79
\T1/cmr/m/n/12 8:55
 []


Underfull \hbox (badness 10000) in paragraph at lines 79--79
[]|   []   |   []
 []


Underfull \hbox (badness 10000) in paragraph at lines 79--79
|   []   |   []
 []


Underfull \hbox (badness 10000) in paragraph at lines 79--79
[]\T1/cmr/m/n/12 NYCDOE
 []


Underfull \hbox (badness 10000) in paragraph at lines 79--79
[]\T1/cmr/m/n/12 8:55-
 []


Underfull \hbox (badness 10000) in paragraph at lines 79--79
\T1/cmr/m/n/12 9:25
 []


Underfull \hbox (badness 10000) in paragraph at lines 79--79
[]\T1/cmr/m/n/12 Emergency Pre-
 []


Underfull \hbox (badness 3872) in paragraph at lines 79--79
\T1/cmr/m/n/12 pared-ness City-wide
 []


Underfull \hbox (badness 10000) in paragraph at lines 79--79
[]\T1/cmr/m/n/12 NYCDOE
 []


Underfull \hbox (badness 10000) in paragraph at lines 79--79
[]\T1/cmr/m/n/12 8:30-
 []


Underfull \hbox (badness 10000) in paragraph at lines 79--79
\T1/cmr/m/n/12 10:30
 []


Underfull \hbox (badness 10000) in paragraph at lines 79--79
[]\T1/cmr/m/n/12 Move-to-Improve
 []


Underfull \hbox (badness 10000) in paragraph at lines 79--79
[]\T1/cmr/m/n/12 9:30-
 []


Underfull \hbox (badness 10000) in paragraph at lines 79--79
\T1/cmr/m/n/12 2:50
 []


Underfull \hbox (badness 10000) in paragraph at lines 79--79
[]\T1/cmr/m/n/12 Celebrating the
 []


Underfull \hbox (badness 10000) in paragraph at lines 79--79
[]\T1/cmr/m/n/12 Metropolitan
 []


Underfull \hbox (badness 10000) in paragraph at lines 79--79
\T1/cmr/m/n/12 Mu-seum of
 []


Underfull \hbox (badness 10000) in paragraph at lines 79--79
[]\T1/cmr/m/n/12 9:30-
 []


Underfull \hbox (badness 10000) in paragraph at lines 79--79
\T1/cmr/m/n/12 2:50
 []


Underfull \hbox (badness 3049) in paragraph at lines 79--79
[]\T1/cmr/m/n/12 Sparking Ideas for
 []


Underfull \hbox (badness 10000) in paragraph at lines 79--79
\T1/cmr/m/n/12 Mu-seum Based
 []


Underfull \hbox (badness 10000) in paragraph at lines 79--79
[]\T1/cmr/m/n/12 NYCDOE
 []


Underfull \hbox (badness 2277) in paragraph at lines 79--79
\T1/cmr/m/n/12 Arts Pro-gram
 []


Underfull \hbox (badness 10000) in paragraph at lines 79--79
[]\T1/cmr/m/n/12 9:30-
 []


Underfull \hbox (badness 10000) in paragraph at lines 79--79
\T1/cmr/m/n/12 2:50
 []


Underfull \hbox (badness 1616) in paragraph at lines 79--79
[]\T1/cmr/m/n/12 Beyond Ac-cess Fo-
 []


Underfull \hbox (badness 10000) in paragraph at lines 79--79
[]\T1/cmr/m/n/12 NYCDOE
 []


Underfull \hbox (badness 10000) in paragraph at lines 79--79
\T1/cmr/m/n/12 Syn-chronous
 []


Underfull \hbox (badness 10000) in paragraph at lines 79--79
\T1/cmr/m/n/12 Pro-fes-sional
 []


Underfull \hbox (badness 10000) in paragraph at lines 79--79
[]\T1/cmr/m/n/12 9:30-
 []


Underfull \hbox (badness 10000) in paragraph at lines 79--79
\T1/cmr/m/n/12 2:50
 []


Underfull \hbox (badness 1616) in paragraph at lines 79--79
[]\T1/cmr/m/n/12 Beyond Ac-cess Fo-
 []


Underfull \hbox (badness 10000) in paragraph at lines 79--79
[]\T1/cmr/m/n/12 NYCDOE
 []


Underfull \hbox (badness 10000) in paragraph at lines 79--79
\T1/cmr/m/n/12 Syn-chronous
 []


Underfull \hbox (badness 10000) in paragraph at lines 79--79
\T1/cmr/m/n/12 Pro-fes-sional
 []


Underfull \hbox (badness 10000) in paragraph at lines 79--79
[]\T1/cmr/m/n/12 10:30-
 []


Underfull \hbox (badness 10000) in paragraph at lines 79--79
\T1/cmr/m/n/12 2:50
 []


Underfull \hbox (badness 4168) in paragraph at lines 79--79
[]\T1/cmr/m/n/12 Online Pro-fes-sional
 []


Underfull \hbox (badness 10000) in paragraph at lines 79--79
\T1/cmr/m/n/12 De-vel-op-ment for
 []


Underfull \hbox (badness 1917) in paragraph at lines 79--79
\T1/cmr/m/it/12 2 90-Minute We-bi-
 []


Underfull \hbox (badness 10000) in paragraph at lines 79--79
[]\T1/cmr/m/n/12 9:30-
 []


Underfull \hbox (badness 10000) in paragraph at lines 79--79
\T1/cmr/m/n/12 10:30
 []


Underfull \hbox (badness 10000) in paragraph at lines 79--79
[]\T1/cmr/m/n/12 Mindfulness Prac-
 []


Underfull \hbox (badness 10000) in paragraph at lines 79--79
[]\T1/cmr/m/n/12 NYCDOE
 []


Underfull \hbox (badness 10000) in paragraph at lines 79--79
\T1/cmr/m/n/12 Syn-chronous
 []


Underfull \hbox (badness 10000) in paragraph at lines 79--79
\T1/cmr/m/n/12 Pro-fes-sional
 []


Underfull \hbox (badness 10000) in paragraph at lines 79--79

 []


Underfull \hbox (badness 10000) in paragraph at lines 79--79
[]\T1/cmr/m/n/12 9:30-
 []


Underfull \hbox (badness 10000) in paragraph at lines 79--79
\T1/cmr/m/n/12 12:00
 []


Underfull \hbox (badness 1442) in paragraph at lines 79--79
[]\T1/cmr/m/n/12 Science of Read-ing
 []


Underfull \hbox (badness 10000) in paragraph at lines 79--79
[]\T1/cmr/m/n/12 Autumn
 []


Underfull \hbox (badness 10000) in paragraph at lines 79--79
[]\T1/cmr/m/n/12 9:30-
 []


Underfull \hbox (badness 10000) in paragraph at lines 79--79
\T1/cmr/m/n/12 12:00
 []


Underfull \hbox (badness 3623) in paragraph at lines 79--79
[]\T1/cmr/m/n/12 Building Fact Au-
 []


Underfull \hbox (badness 1472) in paragraph at lines 79--79
\T1/cmr/m/n/12 to-matic-ity Through
 []


Underfull \hbox (badness 10000) in paragraph at lines 79--79
\T1/cmr/m/n/12 Prob-lem-Prob-lem
 []


Underfull \hbox (badness 10000) in paragraph at lines 79--79
[]|   []
 []


Underfull \hbox (badness 10000) in paragraph at lines 79--79
|   []
 []


Underfull \hbox (badness 10000) in paragraph at lines 79--79
|   []
 []


Underfull \hbox (badness 10000) in paragraph at lines 79--79
[]\T1/cmr/m/n/12 10:00-
 []


Underfull \hbox (badness 10000) in paragraph at lines 79--79
\T1/cmr/m/n/12 12:00
 []


Underfull \hbox (badness 10000) in paragraph at lines 79--79
[]\T1/cmr/m/n/12 Disciplinary Lit-er-
 []


Underfull \hbox (badness 7451) in paragraph at lines 79--79
\T1/cmr/m/n/12 acy Strate-gies for
 []


Underfull \hbox (badness 6944) in paragraph at lines 79--79
\T1/cmr/m/n/12 MLs/ELLs in the
 []


Underfull \hbox (badness 10000) in paragraph at lines 79--79
[]\T1/cmr/m/n/12 NYCDOE
 []


Underfull \hbox (badness 10000) in paragraph at lines 79--79
\T1/cmr/m/n/12 Syn-chronous
 []


Underfull \hbox (badness 10000) in paragraph at lines 79--79
\T1/cmr/m/n/12 Pro-fes-sional
 []


Underfull \hbox (badness 10000) in paragraph at lines 79--79
[]\T1/cmr/m/n/12 10:30-
 []


Underfull \hbox (badness 10000) in paragraph at lines 79--79
\T1/cmr/m/n/12 12:00
 []


Underfull \hbox (badness 2012) in paragraph at lines 79--79
[]\T1/cmr/m/n/12 Addressing Cli-mate
 []


Underfull \hbox (badness 10000) in paragraph at lines 79--79
\T1/cmr/m/n/12 Ed-u-ca-tion through
 []


Underfull \hbox (badness 10000) in paragraph at lines 79--79
[]\T1/cmr/m/n/12 NYCDOE
 []


Underfull \hbox (badness 10000) in paragraph at lines 79--79
\T1/cmr/m/n/12 Syn-chronous
 []


Underfull \hbox (badness 10000) in paragraph at lines 79--79
\T1/cmr/m/n/12 Pro-fes-sional
 []


Underfull \hbox (badness 10000) in paragraph at lines 79--79
[]\T1/cmr/m/n/12 12:10-
 []


Underfull \hbox (badness 10000) in paragraph at lines 79--79
\T1/cmr/m/n/12 1:00
 []


Underfull \hbox (badness 10000) in paragraph at lines 79--79
[]\T1/cmr/m/n/12 1:00-
 []


Underfull \hbox (badness 10000) in paragraph at lines 79--79
\T1/cmr/m/n/12 2:00
 []


Underfull \hbox (badness 10000) in paragraph at lines 79--79
[]\T1/cmr/m/n/12 Envisions -
 []


Underfull \hbox (badness 10000) in paragraph at lines 79--79
\T1/cmr/m/n/12 Joseph Hum-
 []


Underfull \hbox (badness 4699) in paragraph at lines 79--79
\T1/cmr/m/it/12 via email on
 []


Underfull \hbox (badness 10000) in paragraph at lines 79--79
\T1/cmr/m/it/12 Jacque-line
 []


Underfull \hbox (badness 10000) in paragraph at lines 79--79
[]\T1/cmr/m/n/12 1:00-
 []


Underfull \hbox (badness 10000) in paragraph at lines 79--79
\T1/cmr/m/n/12 2:00
 []


Underfull \hbox (badness 2865) in paragraph at lines 79--79
[]\T1/cmr/m/n/12 Overview and Up-
 []


Underfull \hbox (badness 10000) in paragraph at lines 79--79
[]\T1/cmr/m/n/12 NYCDOE
 []


Underfull \hbox (badness 10000) in paragraph at lines 79--79
\T1/cmr/m/n/12 Syn-chronous
 []


Underfull \hbox (badness 10000) in paragraph at lines 79--79
\T1/cmr/m/n/12 Pro-fes-sional
 []


Underfull \hbox (badness 10000) in paragraph at lines 79--79
[]\T1/cmr/m/n/12 1:00-
 []


Underfull \hbox (badness 10000) in paragraph at lines 79--79
\T1/cmr/m/n/12 2:00
 []


Underfull \hbox (badness 10000) in paragraph at lines 79--79
[]\T1/cmr/m/n/12 NYCDOE
 []


Underfull \hbox (badness 10000) in paragraph at lines 79--79
\T1/cmr/m/n/12 Syn-chronous
 []


Underfull \hbox (badness 10000) in paragraph at lines 79--79
\T1/cmr/m/n/12 Pro-fes-sional
 []


Underfull \hbox (badness 10000) in paragraph at lines 79--79
[]\T1/cmr/m/n/12 2:00-
 []


Underfull \hbox (badness 10000) in paragraph at lines 79--79
\T1/cmr/m/n/12 2:30
 []


Underfull \hbox (badness 10000) in paragraph at lines 79--79
[]\T1/cmr/m/n/12 Unpacking Math
 []


Underfull \hbox (badness 10000) in paragraph at lines 79--79
\T1/cmr/m/n/12 Next Gen-er-a-tion
 []


Underfull \hbox (badness 10000) in paragraph at lines 79--79
[]\T1/cmr/m/n/12 Autumn
 []


Underfull \hbox (badness 10000) in paragraph at lines 79--79
[]\T1/cmr/m/n/12 2:00-
 []


Underfull \hbox (badness 10000) in paragraph at lines 79--79
\T1/cmr/m/n/12 2:30
 []


Underfull \hbox (badness 3623) in paragraph at lines 79--79
[]\T1/cmr/m/n/12 Building Fact Au-
 []


Underfull \hbox (badness 1472) in paragraph at lines 79--79
\T1/cmr/m/n/12 to-matic-ity Through
 []


Underfull \hbox (badness 10000) in paragraph at lines 79--79
\T1/cmr/m/n/12 Prob-lem-Prob-lem
 []


Underfull \hbox (badness 10000) in paragraph at lines 79--79
[]|   []
 []


Underfull \hbox (badness 10000) in paragraph at lines 79--79
|   []
 []


Underfull \hbox (badness 10000) in paragraph at lines 79--79
|   []
 []


Underfull \hbox (badness 10000) in paragraph at lines 79--79
[]\T1/cmr/m/n/12 2:30-
 []


Underfull \hbox (badness 10000) in paragraph at lines 79--79
\T1/cmr/m/n/12 2:50
 []


Underfull \hbox (badness 3713) in paragraph at lines 79--79
[]\T1/cmr/bx/it/12 Principal's Clos-
 []


Underfull \hbox (badness 1881) in paragraph at lines 79--79
\TS1/cmr/m/n/12 ˆ \T1/cmr/m/n/12 Sur-vey Clos-
 []

> Step: build the whole table.

Underfull \hbox (badness 10000) in paragraph at lines 79--79
[]\T1/cmr/m/n/12 8:00-
 []


Underfull \hbox (badness 10000) in paragraph at lines 79--79
\T1/cmr/m/n/12 8:30
 []


Underfull \hbox (badness 10000) in paragraph at lines 79--79
[]\T1/cmr/m/n/12 8:35-
 []


Underfull \hbox (badness 10000) in paragraph at lines 79--79
\T1/cmr/m/n/12 8:55
 []


Underfull \hbox (badness 10000) in paragraph at lines 79--79
[]|   []   |   []
 []


Underfull \hbox (badness 10000) in paragraph at lines 79--79
|   []   |   []
 []


Underfull \hbox (badness 10000) in paragraph at lines 79--79
[]\T1/cmr/m/n/12 NYCDOE
 []


Underfull \hbox (badness 10000) in paragraph at lines 79--79
[]\T1/cmr/m/n/12 8:55-
 []


Underfull \hbox (badness 10000) in paragraph at lines 79--79
\T1/cmr/m/n/12 9:25
 []


Underfull \hbox (badness 10000) in paragraph at lines 79--79
[]\T1/cmr/m/n/12 Emergency Pre-
 []


Underfull \hbox (badness 3872) in paragraph at lines 79--79
\T1/cmr/m/n/12 pared-ness City-wide
 []


Underfull \hbox (badness 10000) in paragraph at lines 79--79
[]\T1/cmr/m/n/12 NYCDOE
 []


Underfull \hbox (badness 10000) in paragraph at lines 79--79
[]\T1/cmr/m/n/12 8:30-
 []


Underfull \hbox (badness 10000) in paragraph at lines 79--79
\T1/cmr/m/n/12 10:30
 []


Underfull \hbox (badness 10000) in paragraph at lines 79--79
[]\T1/cmr/m/n/12 Move-to-Improve
 []


Underfull \hbox (badness 10000) in paragraph at lines 79--79
[]\T1/cmr/m/n/12 9:30-
 []


Underfull \hbox (badness 10000) in paragraph at lines 79--79
\T1/cmr/m/n/12 2:50
 []


Underfull \hbox (badness 10000) in paragraph at lines 79--79
[]\T1/cmr/m/n/12 Celebrating the
 []


Underfull \hbox (badness 10000) in paragraph at lines 79--79
[]\T1/cmr/m/n/12 Metropolitan
 []


Underfull \hbox (badness 10000) in paragraph at lines 79--79
\T1/cmr/m/n/12 Mu-seum of
 []


Underfull \hbox (badness 10000) in paragraph at lines 79--79
[]\T1/cmr/m/n/12 9:30-
 []


Underfull \hbox (badness 10000) in paragraph at lines 79--79
\T1/cmr/m/n/12 2:50
 []


Underfull \hbox (badness 3049) in paragraph at lines 79--79
[]\T1/cmr/m/n/12 Sparking Ideas for
 []


Underfull \hbox (badness 10000) in paragraph at lines 79--79
\T1/cmr/m/n/12 Mu-seum Based
 []


Underfull \hbox (badness 10000) in paragraph at lines 79--79
[]\T1/cmr/m/n/12 NYCDOE
 []


Underfull \hbox (badness 2277) in paragraph at lines 79--79
\T1/cmr/m/n/12 Arts Pro-gram
 []


Underfull \hbox (badness 10000) in paragraph at lines 79--79
[]\T1/cmr/m/n/12 9:30-
 []


Underfull \hbox (badness 10000) in paragraph at lines 79--79
\T1/cmr/m/n/12 2:50
 []


Underfull \hbox (badness 1616) in paragraph at lines 79--79
[]\T1/cmr/m/n/12 Beyond Ac-cess Fo-
 []


Underfull \hbox (badness 10000) in paragraph at lines 79--79
[]\T1/cmr/m/n/12 NYCDOE
 []


Underfull \hbox (badness 10000) in paragraph at lines 79--79
\T1/cmr/m/n/12 Syn-chronous
 []


Underfull \hbox (badness 10000) in paragraph at lines 79--79
\T1/cmr/m/n/12 Pro-fes-sional
 []


Underfull \hbox (badness 10000) in paragraph at lines 79--79
[]\T1/cmr/m/n/12 9:30-
 []


Underfull \hbox (badness 10000) in paragraph at lines 79--79
\T1/cmr/m/n/12 2:50
 []


Underfull \hbox (badness 1616) in paragraph at lines 79--79
[]\T1/cmr/m/n/12 Beyond Ac-cess Fo-
 []


Underfull \hbox (badness 10000) in paragraph at lines 79--79
[]\T1/cmr/m/n/12 NYCDOE
 []


Underfull \hbox (badness 10000) in paragraph at lines 79--79
\T1/cmr/m/n/12 Syn-chronous
 []


Underfull \hbox (badness 10000) in paragraph at lines 79--79
\T1/cmr/m/n/12 Pro-fes-sional
 []

<logo-2.pdf, id=5, 813.0375pt x 112.92188pt>
File: logo-2.pdf Graphic file (type pdf)
<use logo-2.pdf>
Package pdftex.def Info: logo-2.pdf  used on input line 79.
(pdftex.def)             Requested size: 643.22304pt x 93.95601pt.

Package fancyhdr Warning: \headheight is too small (12.0pt): 
(fancyhdr)                Make it at least 14.49998pt, for example:
(fancyhdr)                \setlength{\headheight}{14.49998pt}.
(fancyhdr)                You might also make \topmargin smaller to compensate:

(fancyhdr)                \addtolength{\topmargin}{-2.49998pt}.

<logo-1.pdf, id=6, 813.0375pt x 112.92188pt>
File: logo-1.pdf Graphic file (type pdf)
<use logo-1.pdf>
Package pdftex.def Info: logo-1.pdf  used on input line 79.
(pdftex.def)             Requested size: 636.00279pt x 93.95601pt.
[1

{/app/texlive/texmf-dist/fonts/map/pdftex/updmap/pdftex.map}{/app/texlive/texmf
-dist/fonts/enc/dvips/cm-super/cm-super-t1.enc} <./logo-2.pdf> <./logo-1.pdf>]
Underfull \hbox (badness 10000) in paragraph at lines 79--79
[]\T1/cmr/m/n/12 10:30-
 []


Underfull \hbox (badness 10000) in paragraph at lines 79--79
\T1/cmr/m/n/12 2:50
 []


Underfull \hbox (badness 4168) in paragraph at lines 79--79
[]\T1/cmr/m/n/12 Online Pro-fes-sional
 []


Underfull \hbox (badness 10000) in paragraph at lines 79--79
\T1/cmr/m/n/12 De-vel-op-ment for
 []


Underfull \hbox (badness 1917) in paragraph at lines 79--79
\T1/cmr/m/it/12 2 90-Minute We-bi-
 []


Underfull \hbox (badness 10000) in paragraph at lines 79--79
[]\T1/cmr/m/n/12 9:30-
 []


Underfull \hbox (badness 10000) in paragraph at lines 79--79
\T1/cmr/m/n/12 10:30
 []


Underfull \hbox (badness 10000) in paragraph at lines 79--79
[]\T1/cmr/m/n/12 Mindfulness Prac-
 []


Underfull \hbox (badness 10000) in paragraph at lines 79--79
[]\T1/cmr/m/n/12 NYCDOE
 []


Underfull \hbox (badness 10000) in paragraph at lines 79--79
\T1/cmr/m/n/12 Syn-chronous
 []


Underfull \hbox (badness 10000) in paragraph at lines 79--79
\T1/cmr/m/n/12 Pro-fes-sional
 []


Underfull \hbox (badness 10000) in paragraph at lines 79--79

 []


Underfull \hbox (badness 10000) in paragraph at lines 79--79
[]\T1/cmr/m/n/12 9:30-
 []


Underfull \hbox (badness 10000) in paragraph at lines 79--79
\T1/cmr/m/n/12 12:00
 []


Underfull \hbox (badness 1442) in paragraph at lines 79--79
[]\T1/cmr/m/n/12 Science of Read-ing
 []


Underfull \hbox (badness 10000) in paragraph at lines 79--79
[]\T1/cmr/m/n/12 Autumn
 []


Underfull \hbox (badness 10000) in paragraph at lines 79--79
[]\T1/cmr/m/n/12 9:30-
 []


Underfull \hbox (badness 10000) in paragraph at lines 79--79
\T1/cmr/m/n/12 12:00
 []


Underfull \hbox (badness 3623) in paragraph at lines 79--79
[]\T1/cmr/m/n/12 Building Fact Au-
 []


Underfull \hbox (badness 1472) in paragraph at lines 79--79
\T1/cmr/m/n/12 to-matic-ity Through
 []


Underfull \hbox (badness 10000) in paragraph at lines 79--79
\T1/cmr/m/n/12 Prob-lem-Prob-lem
 []


Underfull \hbox (badness 10000) in paragraph at lines 79--79
[]|   []
 []


Underfull \hbox (badness 10000) in paragraph at lines 79--79
|   []
 []


Underfull \hbox (badness 10000) in paragraph at lines 79--79
|   []
 []


Underfull \hbox (badness 10000) in paragraph at lines 79--79
[]\T1/cmr/m/n/12 10:00-
 []


Underfull \hbox (badness 10000) in paragraph at lines 79--79
\T1/cmr/m/n/12 12:00
 []


Underfull \hbox (badness 10000) in paragraph at lines 79--79
[]\T1/cmr/m/n/12 Disciplinary Lit-er-
 []


Underfull \hbox (badness 7451) in paragraph at lines 79--79
\T1/cmr/m/n/12 acy Strate-gies for
 []


Underfull \hbox (badness 6944) in paragraph at lines 79--79
\T1/cmr/m/n/12 MLs/ELLs in the
 []


Underfull \hbox (badness 10000) in paragraph at lines 79--79
[]\T1/cmr/m/n/12 NYCDOE
 []


Underfull \hbox (badness 10000) in paragraph at lines 79--79
\T1/cmr/m/n/12 Syn-chronous
 []


Underfull \hbox (badness 10000) in paragraph at lines 79--79
\T1/cmr/m/n/12 Pro-fes-sional
 []


Underfull \hbox (badness 10000) in paragraph at lines 79--79
[]\T1/cmr/m/n/12 10:30-
 []


Underfull \hbox (badness 10000) in paragraph at lines 79--79
\T1/cmr/m/n/12 12:00
 []


Underfull \hbox (badness 2012) in paragraph at lines 79--79
[]\T1/cmr/m/n/12 Addressing Cli-mate
 []


Underfull \hbox (badness 10000) in paragraph at lines 79--79
\T1/cmr/m/n/12 Ed-u-ca-tion through
 []


Underfull \hbox (badness 10000) in paragraph at lines 79--79
[]\T1/cmr/m/n/12 NYCDOE
 []


Underfull \hbox (badness 10000) in paragraph at lines 79--79
\T1/cmr/m/n/12 Syn-chronous
 []


Underfull \hbox (badness 10000) in paragraph at lines 79--79
\T1/cmr/m/n/12 Pro-fes-sional
 []


Underfull \hbox (badness 10000) in paragraph at lines 79--79
[]\T1/cmr/m/n/12 12:10-
 []


Underfull \hbox (badness 10000) in paragraph at lines 79--79
\T1/cmr/m/n/12 1:00
 []

File: logo-2.pdf Graphic file (type pdf)
<use logo-2.pdf>
Package pdftex.def Info: logo-2.pdf  used on input line 79.
(pdftex.def)             Requested size: 643.22304pt x 93.95601pt.

Package fancyhdr Warning: \headheight is too small (12.0pt): 
(fancyhdr)                Make it at least 14.49998pt, for example:
(fancyhdr)                \setlength{\headheight}{14.49998pt}.
(fancyhdr)                You might also make \topmargin smaller to compensate:

(fancyhdr)                \addtolength{\topmargin}{-2.49998pt}.

File: logo-1.pdf Graphic file (type pdf)
<use logo-1.pdf>
Package pdftex.def Info: logo-1.pdf  used on input line 79.
(pdftex.def)             Requested size: 636.00279pt x 93.95601pt.

pdfTeX warning (ext4): destination with the same identifier (name{page.}) has b
een already used, duplicate ignored
<to be read again> 
                   \relax 
l.79 \end
         {longtblr} [2]
Underfull \hbox (badness 10000) in paragraph at lines 79--79
[]\T1/cmr/m/n/12 1:00-
 []


Underfull \hbox (badness 10000) in paragraph at lines 79--79
\T1/cmr/m/n/12 2:00
 []


Underfull \hbox (badness 10000) in paragraph at lines 79--79
[]\T1/cmr/m/n/12 Envisions -
 []


Underfull \hbox (badness 10000) in paragraph at lines 79--79
\T1/cmr/m/n/12 Joseph Hum-
 []


Underfull \hbox (badness 4699) in paragraph at lines 79--79
\T1/cmr/m/it/12 via email on
 []


Underfull \hbox (badness 10000) in paragraph at lines 79--79
\T1/cmr/m/it/12 Jacque-line
 []


Underfull \hbox (badness 10000) in paragraph at lines 79--79
[]\T1/cmr/m/n/12 1:00-
 []


Underfull \hbox (badness 10000) in paragraph at lines 79--79
\T1/cmr/m/n/12 2:00
 []


Underfull \hbox (badness 2865) in paragraph at lines 79--79
[]\T1/cmr/m/n/12 Overview and Up-
 []


Underfull \hbox (badness 10000) in paragraph at lines 79--79
[]\T1/cmr/m/n/12 NYCDOE
 []


Underfull \hbox (badness 10000) in paragraph at lines 79--79
\T1/cmr/m/n/12 Syn-chronous
 []


Underfull \hbox (badness 10000) in paragraph at lines 79--79
\T1/cmr/m/n/12 Pro-fes-sional
 []


Underfull \hbox (badness 10000) in paragraph at lines 79--79
[]\T1/cmr/m/n/12 1:00-
 []


Underfull \hbox (badness 10000) in paragraph at lines 79--79
\T1/cmr/m/n/12 2:00
 []


Underfull \hbox (badness 10000) in paragraph at lines 79--79
[]\T1/cmr/m/n/12 NYCDOE
 []


Underfull \hbox (badness 10000) in paragraph at lines 79--79
\T1/cmr/m/n/12 Syn-chronous
 []


Underfull \hbox (badness 10000) in paragraph at lines 79--79
\T1/cmr/m/n/12 Pro-fes-sional
 []


Underfull \hbox (badness 10000) in paragraph at lines 79--79
[]\T1/cmr/m/n/12 2:00-
 []


Underfull \hbox (badness 10000) in paragraph at lines 79--79
\T1/cmr/m/n/12 2:30
 []


Underfull \hbox (badness 10000) in paragraph at lines 79--79
[]\T1/cmr/m/n/12 Unpacking Math
 []


Underfull \hbox (badness 10000) in paragraph at lines 79--79
\T1/cmr/m/n/12 Next Gen-er-a-tion
 []


Underfull \hbox (badness 10000) in paragraph at lines 79--79
[]\T1/cmr/m/n/12 Autumn
 []


Underfull \hbox (badness 10000) in paragraph at lines 79--79
[]\T1/cmr/m/n/12 2:00-
 []


Underfull \hbox (badness 10000) in paragraph at lines 79--79
\T1/cmr/m/n/12 2:30
 []


Underfull \hbox (badness 3623) in paragraph at lines 79--79
[]\T1/cmr/m/n/12 Building Fact Au-
 []


Underfull \hbox (badness 1472) in paragraph at lines 79--79
\T1/cmr/m/n/12 to-matic-ity Through
 []


Underfull \hbox (badness 10000) in paragraph at lines 79--79
\T1/cmr/m/n/12 Prob-lem-Prob-lem
 []


Underfull \hbox (badness 10000) in paragraph at lines 79--79
[]|   []
 []


Underfull \hbox (badness 10000) in paragraph at lines 79--79
|   []
 []


Underfull \hbox (badness 10000) in paragraph at lines 79--79
|   []
 []


Underfull \hbox (badness 10000) in paragraph at lines 79--79
[]\T1/cmr/m/n/12 2:30-
 []


Underfull \hbox (badness 10000) in paragraph at lines 79--79
\T1/cmr/m/n/12 2:50
 []


Underfull \hbox (badness 3713) in paragraph at lines 79--79
[]\T1/cmr/bx/it/12 Principal's Clos-
 []


Underfull \hbox (badness 1881) in paragraph at lines 79--79
\TS1/cmr/m/n/12 ˆ \T1/cmr/m/n/12 Sur-vey Clos-
 []

<hil_signature.png, id=65, 150.5625pt x 75.28125pt>
File: hil_signature.png Graphic file (type png)
<use hil_signature.png>
Package pdftex.def Info: hil_signature.png  used on input line 83.
(pdftex.def)             Requested size: 108.40334pt x 54.20358pt.
File: logo-2.pdf Graphic file (type pdf)
<use logo-2.pdf>
Package pdftex.def Info: logo-2.pdf  used on input line 89.
(pdftex.def)             Requested size: 643.22304pt x 93.95601pt.

Package fancyhdr Warning: \headheight is too small (12.0pt): 
(fancyhdr)                Make it at least 14.49998pt, for example:
(fancyhdr)                \setlength{\headheight}{14.49998pt}.
(fancyhdr)                You might also make \topmargin smaller to compensate:

(fancyhdr)                \addtolength{\topmargin}{-2.49998pt}.

File: logo-1.pdf Graphic file (type pdf)
<use logo-1.pdf>
Package pdftex.def Info: logo-1.pdf  used on input line 89.
(pdftex.def)             Requested size: 636.00279pt x 93.95601pt.

pdfTeX warning (ext4): destination with the same identifier (name{page.}) has b
een already used, duplicate ignored
<to be read again> 
                   \relax 
l.89 \url{www.ps192.org}
                         [3{/app/texlive/texmf-dist/fonts/enc/dvips/cm-super/cm
-super-ts1.enc} <./hil_signature.png>]
LaTeX Font Info:    Trying to load font information for T1+cmtt on input line 8
9.

(/app/texlive/texmf-dist/tex/latex/base/t1cmtt.fd
File: t1cmtt.fd 2023/04/13 v2.5m Standard LaTeX font definitions
)
LaTeX Font Info:    External font `cmex10' loaded for size
(Font)              <12> on input line 89.
LaTeX Font Info:    External font `cmex10' loaded for size
(Font)              <8> on input line 89.
LaTeX Font Info:    External font `cmex10' loaded for size
(Font)              <6> on input line 89.
File: logo-2.pdf Graphic file (type pdf)
<use logo-2.pdf>
Package pdftex.def Info: logo-2.pdf  used on input line 91.
(pdftex.def)             Requested size: 643.22304pt x 93.95601pt.


Package fancyhdr Warning: \headheight is too small (12.0pt): 
(fancyhdr)                Make it at least 14.49998pt, for example:
(fancyhdr)                \setlength{\headheight}{14.49998pt}.
(fancyhdr)                You might also make \topmargin smaller to compensate:

(fancyhdr)                \addtolength{\topmargin}{-2.49998pt}.

File: logo-1.pdf Graphic file (type pdf)
<use logo-1.pdf>
Package pdftex.def Info: logo-1.pdf  used on input line 91.
(pdftex.def)             Requested size: 636.00279pt x 93.95601pt.

pdfTeX warning (ext4): destination with the same identifier (name{page.}) has b
een already used, duplicate ignored
<to be read again> 
                   \relax 
l.91 \end{document}
                    [4] (./welcome_letter_k-5.aux)
 ***********
LaTeX2e <2023-11-01> patch level 1
L3 programming layer <2024-02-20>
 ***********
Package rerunfilecheck Info: File `welcome_letter_k-5.out' has not changed.
(rerunfilecheck)             Checksum: D41D8CD98F00B204E9800998ECF8427E;0.
 ) 
Here is how much of TeX's memory you used:
 13659 strings out of 474116
 240869 string characters out of 5745188
 1986187 words of memory out of 5000000
 35857 multiletter control sequences out of 15000+600000
 567634 words of font info for 56 fonts, out of 8000000 for 9000
 1141 hyphenation exceptions out of 8191
 75i,18n,110p,596b,1206s stack positions out of 10000i,1000n,20000p,200000b,200000s
</app/texlive/texmf-dist/fonts/type1/public/cm-super/sfbi1200.pfb></app/texli
ve/texmf-dist/fonts/type1/public/cm-super/sfbx1200.pfb></app/texlive/texmf-dist
/fonts/type1/public/cm-super/sfrm1200.pfb></app/texlive/texmf-dist/fonts/type1/
public/cm-super/sfti1200.pfb></app/texlive/texmf-dist/fonts/type1/public/cm-sup
er/sftt1200.pfb>
Output written on welcome_letter_k-5.pdf (4 pages, 719034 bytes).
PDF statistics:
 105 PDF objects out of 1000 (max. 8388607)
 65 compressed objects within 1 object stream
 2 named destinations out of 1000 (max. 500000)
 16 words of extra memory for PDF output out of 10000 (max. 10000000)

